<?xml version="1.0" encoding="UTF-8"?>
<testng-results ignored="0" total="3" passed="3" failed="0" skipped="0">
  <reporter-output>
  </reporter-output>
  <suite started-at="2023-07-17T16:01:45 IST" name="Default suite" finished-at="2023-07-17T16:01:54 IST" duration-ms="8476">
    <groups>
    </groups>
    <test started-at="2023-07-17T16:01:45 IST" name="Default test" finished-at="2023-07-17T16:01:54 IST" duration-ms="8476">
      <class name="Jira.Jiradelete">
        <test-method is-config="true" signature="baseclass()[pri:0, instance:Jira.Jiradelete@703580bf]" started-at="2023-07-17T16:01:53 IST" name="baseclass" finished-at="2023-07-17T16:01:53 IST" duration-ms="1" status="PASS">
          <reporter-output>
          </reporter-output>
        </test-method> <!-- baseclass -->
        <test-method signature="delete()[pri:0, instance:Jira.Jiradelete@703580bf]" started-at="2023-07-17T16:01:53 IST" name="delete" finished-at="2023-07-17T16:01:54 IST" depends-on-methods="Jira.jiraupdate.update" duration-ms="800" status="PASS">
          <reporter-output>
          </reporter-output>
        </test-method> <!-- delete -->
      </class> <!-- Jira.Jiradelete -->
      <class name="Jira.jiraupdate">
        <test-method is-config="true" signature="baseclass()[pri:0, instance:Jira.jiraupdate@4facf68f]" started-at="2023-07-17T16:01:52 IST" name="baseclass" finished-at="2023-07-17T16:01:52 IST" duration-ms="0" status="PASS">
          <reporter-output>
          </reporter-output>
        </test-method> <!-- baseclass -->
        <test-method signature="update()[pri:0, instance:Jira.jiraupdate@4facf68f]" started-at="2023-07-17T16:01:52 IST" name="update" finished-at="2023-07-17T16:01:53 IST" depends-on-methods="Jira.jiracreate.create" duration-ms="671" status="PASS">
          <reporter-output>
          </reporter-output>
        </test-method> <!-- update -->
      </class> <!-- Jira.jiraupdate -->
      <class name="Jira.jiracreate">
        <test-method is-config="true" signature="baseclass()[pri:0, instance:Jira.jiracreate@76508ed1]" started-at="2023-07-17T16:01:45 IST" name="baseclass" finished-at="2023-07-17T16:01:46 IST" duration-ms="753" status="PASS">
          <reporter-output>
          </reporter-output>
        </test-method> <!-- baseclass -->
        <test-method signature="create()[pri:0, instance:Jira.jiracreate@76508ed1]" started-at="2023-07-17T16:01:46 IST" name="create" finished-at="2023-07-17T16:01:52 IST" duration-ms="6144" status="PASS">
          <reporter-output>
          </reporter-output>
        </test-method> <!-- create -->
      </class> <!-- Jira.jiracreate -->
    </test> <!-- Default test -->
  </suite> <!-- Default suite -->
</testng-results>
